rm: cannot remove './input/logs/384050/*': No such file or directory
rm: cannot remove './input/logs/384050M/*': No such file or directory
rm: cannot remove './input/logs/384081@inzent.com/*': No such file or directory
rm: cannot remove './input/logs/INZENT_SUPER/*': No such file or directory
rm: cannot remove './input/logs/alamode@inzent.com/*': No such file or directory
rm: cannot remove './input/logs/bho3538@inzent.com/*': No such file or directory
rm: cannot remove './input/logs/chaewoonhyo@inzent.com/*': No such file or directory
rm: cannot remove './input/logs/crlee@inzent.com/*': No such file or directory
rm: cannot remove './input/logs/gypark@inzent.com/*': No such file or directory
rm: cannot remove './input/logs/hjyoon@inzent.com/*': No such file or directory
rm: cannot remove './input/logs/jsyang@inzent.com/*': No such file or directory
rm: cannot remove './input/logs/kbj804@inzent.com/*': No such file or directory
rm: cannot remove './input/logs/kbj@inzent.com/*': No such file or directory
rm: cannot remove './input/logs/kihyunkim@inzent.com/*': No such file or directory
rm: cannot remove './input/logs/orsel@inzent.com/*': No such file or directory
rm: cannot remove './input/logs/r1/*': No such file or directory
rm: cannot remove './input/logs/s1/*': No such file or directory
rm: cannot remove './input/logs/seoha@inzent.com/*': No such file or directory
rm: cannot remove './input/logs/shin3372@inzent.com/*': No such file or directory
rm: cannot remove './input/logs/ski0817@inzent.com/*': No such file or directory
rm: cannot remove './input/logs/sun10au@inzent.com/*': No such file or directory
rm: cannot remove './input/logs/test@inzent.com/*': No such file or directory
rm: cannot remove './input/logs/whchoi@inzent.com/*': No such file or directory
rm: cannot remove './input/logs/x64User/*': No such file or directory
